2021-08-08 11:48:35 INFO  MarketScreen:32 - Search result count is: 6
2021-08-08 11:48:41 INFO  MarketScreen:52 - Details of coin in position........0
2021-08-08 11:48:41 INFO  MarketScreen:53 - VOLUME: 89,34,03,569.45
2021-08-08 11:48:41 INFO  MarketScreen:54 - USD :44847.09
2021-08-08 11:48:41 INFO  MarketScreen:55 - INR :3331380.20
2021-08-08 11:48:41 INFO  MarketScreen:56 - percentage is 3.196%
2021-08-08 11:48:48 INFO  MarketScreen:52 - Details of coin in position........1
2021-08-08 11:48:48 INFO  MarketScreen:53 - VOLUME: 89,34,03,569.45
2021-08-08 11:48:48 INFO  MarketScreen:54 - USD :44847.09
2021-08-08 11:48:48 INFO  MarketScreen:55 - INR :3331380.20
2021-08-08 11:48:48 INFO  MarketScreen:56 - percentage is 3.196%
2021-08-08 11:48:56 INFO  MarketScreen:52 - Details of coin in position........2
2021-08-08 11:48:56 INFO  MarketScreen:53 - VOLUME: 89,34,03,569.45
2021-08-08 11:48:56 INFO  MarketScreen:54 - USD :44847.09
2021-08-08 11:48:56 INFO  MarketScreen:55 - INR :3331380.20
2021-08-08 11:48:56 INFO  MarketScreen:56 - percentage is 3.196%
2021-08-08 11:49:07 INFO  MarketScreen:52 - Details of coin in position........3
2021-08-08 11:49:07 INFO  MarketScreen:53 - VOLUME: 89,34,03,569.45
2021-08-08 11:49:07 INFO  MarketScreen:54 - USD :44847.09
2021-08-08 11:49:07 INFO  MarketScreen:55 - INR :3331380.20
2021-08-08 11:49:07 INFO  MarketScreen:56 - percentage is 3.196%
2021-08-08 11:49:20 INFO  MarketScreen:52 - Details of coin in position........4
2021-08-08 11:49:20 INFO  MarketScreen:53 - VOLUME: 89,34,03,569.45
2021-08-08 11:49:20 INFO  MarketScreen:54 - USD :44847.09
2021-08-08 11:49:20 INFO  MarketScreen:55 - INR :3331380.20
2021-08-08 11:49:20 INFO  MarketScreen:56 - percentage is 3.196%
2021-08-08 11:49:31 INFO  MarketScreen:52 - Details of coin in position........5
2021-08-08 11:49:31 INFO  MarketScreen:53 - VOLUME: 89,34,03,569.45
2021-08-08 11:49:31 INFO  MarketScreen:54 - USD :44847.09
2021-08-08 11:49:31 INFO  MarketScreen:55 - INR :3331380.20
2021-08-08 11:49:31 INFO  MarketScreen:56 - percentage is 3.196%
2021-08-08 12:22:55 INFO  MarketScreen:32 - Search result count is: 6
2021-08-08 12:23:01 INFO  MarketScreen:52 - Details of coin in position........0
2021-08-08 12:23:01 INFO  MarketScreen:53 - VOLUME: 90,76,40,872.53
2021-08-08 12:23:01 INFO  MarketScreen:54 - USD :45180.15
2021-08-08 12:23:01 INFO  MarketScreen:55 - INR :3352509.76
2021-08-08 12:23:01 INFO  MarketScreen:56 - percentage is 4.406%
2021-08-08 12:23:15 INFO  MarketScreen:52 - Details of coin in position........1
2021-08-08 12:23:15 INFO  MarketScreen:53 - VOLUME: 90,76,40,872.53
2021-08-08 12:23:15 INFO  MarketScreen:54 - USD :45180.15
2021-08-08 12:23:15 INFO  MarketScreen:55 - INR :3352509.76
2021-08-08 12:23:15 INFO  MarketScreen:56 - percentage is 4.406%
2021-08-08 12:23:23 INFO  MarketScreen:52 - Details of coin in position........2
2021-08-08 12:23:23 INFO  MarketScreen:53 - VOLUME: 90,76,40,872.53
2021-08-08 12:23:23 INFO  MarketScreen:54 - USD :45180.15
2021-08-08 12:23:23 INFO  MarketScreen:55 - INR :3352509.76
2021-08-08 12:23:23 INFO  MarketScreen:56 - percentage is 4.406%
2021-08-08 12:23:29 INFO  MarketScreen:52 - Details of coin in position........3
2021-08-08 12:23:29 INFO  MarketScreen:53 - VOLUME: 90,76,40,872.53
2021-08-08 12:23:29 INFO  MarketScreen:54 - USD :45180.15
2021-08-08 12:23:29 INFO  MarketScreen:55 - INR :3352509.76
2021-08-08 12:23:29 INFO  MarketScreen:56 - percentage is 4.406%
2021-08-08 12:23:37 INFO  MarketScreen:52 - Details of coin in position........4
2021-08-08 12:23:37 INFO  MarketScreen:53 - VOLUME: 90,76,40,872.53
2021-08-08 12:23:37 INFO  MarketScreen:54 - USD :45180.15
2021-08-08 12:23:37 INFO  MarketScreen:55 - INR :3352509.76
2021-08-08 12:23:37 INFO  MarketScreen:56 - percentage is 4.406%
2021-08-08 12:23:47 INFO  MarketScreen:52 - Details of coin in position........5
2021-08-08 12:23:47 INFO  MarketScreen:53 - VOLUME: 90,76,40,872.53
2021-08-08 12:23:47 INFO  MarketScreen:54 - USD :45180.15
2021-08-08 12:23:47 INFO  MarketScreen:55 - INR :3352509.76
2021-08-08 12:23:47 INFO  MarketScreen:56 - percentage is 4.406%
2021-08-08 12:37:30 INFO  MarketScreen:32 - Search result count is: 6
2021-08-08 12:37:36 INFO  MarketScreen:52 - Details of coin in position........0
2021-08-08 12:37:36 INFO  MarketScreen:53 - VOLUME: 91,64,44,008.96
2021-08-08 12:37:36 INFO  MarketScreen:54 - USD :45170.01
2021-08-08 12:37:36 INFO  MarketScreen:55 - INR :3349836.13
2021-08-08 12:37:36 INFO  MarketScreen:56 - percentage is 4.710%
2021-08-08 12:37:49 INFO  MarketScreen:52 - Details of coin in position........1
2021-08-08 12:37:49 INFO  MarketScreen:53 - VOLUME: 91,64,44,008.96
2021-08-08 12:37:49 INFO  MarketScreen:54 - USD :45170.01
2021-08-08 12:37:49 INFO  MarketScreen:55 - INR :3349836.13
2021-08-08 12:37:49 INFO  MarketScreen:56 - percentage is 4.710%
2021-08-08 12:37:56 INFO  MarketScreen:52 - Details of coin in position........2
2021-08-08 12:37:56 INFO  MarketScreen:53 - VOLUME: 91,64,44,008.96
2021-08-08 12:37:56 INFO  MarketScreen:54 - USD :45170.01
2021-08-08 12:37:56 INFO  MarketScreen:55 - INR :3349836.13
2021-08-08 12:37:56 INFO  MarketScreen:56 - percentage is 4.710%
2021-08-08 12:38:04 INFO  MarketScreen:52 - Details of coin in position........3
2021-08-08 12:38:04 INFO  MarketScreen:53 - VOLUME: 91,64,44,008.96
2021-08-08 12:38:04 INFO  MarketScreen:54 - USD :45170.01
2021-08-08 12:38:04 INFO  MarketScreen:55 - INR :3349836.13
2021-08-08 12:38:04 INFO  MarketScreen:56 - percentage is 4.710%
2021-08-08 12:38:13 INFO  MarketScreen:52 - Details of coin in position........4
2021-08-08 12:38:13 INFO  MarketScreen:53 - VOLUME: 91,64,44,008.96
2021-08-08 12:38:13 INFO  MarketScreen:54 - USD :45170.01
2021-08-08 12:38:13 INFO  MarketScreen:55 - INR :3349836.13
2021-08-08 12:38:13 INFO  MarketScreen:56 - percentage is 4.710%
2021-08-08 12:38:22 INFO  MarketScreen:52 - Details of coin in position........5
2021-08-08 12:38:22 INFO  MarketScreen:53 - VOLUME: 91,64,44,008.96
2021-08-08 12:38:22 INFO  MarketScreen:54 - USD :45170.01
2021-08-08 12:38:22 INFO  MarketScreen:55 - INR :3349836.13
2021-08-08 12:38:22 INFO  MarketScreen:56 - percentage is 4.710%
